2025-07-17 08:22:07,234 INFO: Supabase client initialized successfully. [in /home/wiweka/personal-portfolio/cv-analyzer-backend/src/cv_analyzer/__init__.py:52]
2025-07-17 08:22:07,235 INFO: CORS configured to allow requests from http://localhost:3000 [in /home/wiweka/personal-portfolio/cv-analyzer-backend/src/cv_analyzer/__init__.py:58]
2025-07-17 08:22:07,236 INFO: API blueprint registered. [in /home/wiweka/personal-portfolio/cv-analyzer-backend/src/cv_analyzer/__init__.py:63]
2025-07-17 08:22:44,362 INFO: Received request for /api/analyze [in /home/wiweka/personal-portfolio/cv-analyzer-backend/src/cv_analyzer/routes.py:30]
2025-07-17 08:22:44,363 INFO: Analysis request validated for keywords: ['python'] [in /home/wiweka/personal-portfolio/cv-analyzer-backend/src/cv_analyzer/routes.py:41]
2025-07-17 08:22:45,754 INFO: Successfully fetched 1000 resumes for analysis. [in /home/wiweka/personal-portfolio/cv-analyzer-backend/src/cv_analyzer/services.py:30]
2025-07-17 08:22:45,773 INFO: Found 17 matches. Top score: 8 [in /home/wiweka/personal-portfolio/cv-analyzer-backend/src/cv_analyzer/services.py:57]
2025-07-17 08:37:41,688 INFO: CV Analyzer backend starting up... [in /home/wiweka/personal-portfolio/cv-analyzer-backend/src/cv_analyzer/__init__.py:39]
2025-07-17 08:37:41,825 INFO: Supabase client initialized successfully. [in /home/wiweka/personal-portfolio/cv-analyzer-backend/src/cv_analyzer/__init__.py:52]
2025-07-17 08:37:41,826 INFO: CORS configured to allow requests from http://localhost:3000 [in /home/wiweka/personal-portfolio/cv-analyzer-backend/src/cv_analyzer/__init__.py:58]
2025-07-17 08:37:41,826 INFO: API blueprint registered. [in /home/wiweka/personal-portfolio/cv-analyzer-backend/src/cv_analyzer/__init__.py:63]
2025-07-17 08:37:45,253 INFO: CV Analyzer backend starting up... [in /home/wiweka/personal-portfolio/cv-analyzer-backend/src/cv_analyzer/__init__.py:39]
2025-07-17 08:37:45,309 INFO: Supabase client initialized successfully. [in /home/wiweka/personal-portfolio/cv-analyzer-backend/src/cv_analyzer/__init__.py:52]
2025-07-17 08:37:45,309 INFO: CORS configured to allow requests from http://localhost:3000 [in /home/wiweka/personal-portfolio/cv-analyzer-backend/src/cv_analyzer/__init__.py:58]
2025-07-17 08:37:45,310 INFO: API blueprint registered. [in /home/wiweka/personal-portfolio/cv-analyzer-backend/src/cv_analyzer/__init__.py:63]
2025-07-17 08:38:08,889 INFO: Received request for /api/analyze [in /home/wiweka/personal-portfolio/cv-analyzer-backend/src/cv_analyzer/routes.py:33]
2025-07-17 08:38:08,890 INFO: Analysis request validated for keywords: ['python', 'sql'], limit: 3 [in /home/wiweka/personal-portfolio/cv-analyzer-backend/src/cv_analyzer/routes.py:45]
2025-07-17 08:38:10,376 INFO: Successfully fetched 1000 resumes for analysis. [in /home/wiweka/personal-portfolio/cv-analyzer-backend/src/cv_analyzer/services.py:30]
2025-07-17 08:38:10,403 INFO: Found 93 matches. Top score: 20 [in /home/wiweka/personal-portfolio/cv-analyzer-backend/src/cv_analyzer/services.py:57]
2025-07-17 08:38:20,738 INFO: Received request for /api/analyze [in /home/wiweka/personal-portfolio/cv-analyzer-backend/src/cv_analyzer/routes.py:33]
2025-07-17 08:38:20,739 INFO: Analysis request validated for keywords: ['python', 'sql'], limit: 5 [in /home/wiweka/personal-portfolio/cv-analyzer-backend/src/cv_analyzer/routes.py:45]
2025-07-17 08:38:21,700 INFO: Successfully fetched 1000 resumes for analysis. [in /home/wiweka/personal-portfolio/cv-analyzer-backend/src/cv_analyzer/services.py:30]
2025-07-17 08:38:21,724 INFO: Found 93 matches. Top score: 20 [in /home/wiweka/personal-portfolio/cv-analyzer-backend/src/cv_analyzer/services.py:57]
2025-07-17 09:02:34,436 INFO: CV Analyzer backend starting up... [in /home/wiweka/personal-portfolio/cv-analyzer-backend/src/cv_analyzer/__init__.py:39]
2025-07-17 09:02:34,546 INFO: Supabase client initialized successfully. [in /home/wiweka/personal-portfolio/cv-analyzer-backend/src/cv_analyzer/__init__.py:52]
2025-07-17 09:02:34,546 INFO: CORS configured to allow requests from http://localhost:3000 [in /home/wiweka/personal-portfolio/cv-analyzer-backend/src/cv_analyzer/__init__.py:58]
2025-07-17 09:02:34,547 INFO: API blueprint registered. [in /home/wiweka/personal-portfolio/cv-analyzer-backend/src/cv_analyzer/__init__.py:63]
2025-07-17 09:02:34,920 INFO: CV Analyzer backend starting up... [in /home/wiweka/personal-portfolio/cv-analyzer-backend/src/cv_analyzer/__init__.py:39]
2025-07-17 09:02:34,986 INFO: Supabase client initialized successfully. [in /home/wiweka/personal-portfolio/cv-analyzer-backend/src/cv_analyzer/__init__.py:52]
2025-07-17 09:02:34,986 INFO: CORS configured to allow requests from http://localhost:3000 [in /home/wiweka/personal-portfolio/cv-analyzer-backend/src/cv_analyzer/__init__.py:58]
2025-07-17 09:02:34,987 INFO: API blueprint registered. [in /home/wiweka/personal-portfolio/cv-analyzer-backend/src/cv_analyzer/__init__.py:63]
2025-07-17 09:02:38,551 INFO: Received request for /api/analyze [in /home/wiweka/personal-portfolio/cv-analyzer-backend/src/cv_analyzer/routes.py:33]
2025-07-17 09:02:38,551 INFO: Analysis request validated for keywords: ['python', 'sql'], limit: 5 [in /home/wiweka/personal-portfolio/cv-analyzer-backend/src/cv_analyzer/routes.py:45]
2025-07-17 09:02:40,454 INFO: Successfully fetched 1000 resumes for analysis. [in /home/wiweka/personal-portfolio/cv-analyzer-backend/src/cv_analyzer/services.py:37]
2025-07-17 09:02:40,476 INFO: Found 93 matches. Top score: 20 [in /home/wiweka/personal-portfolio/cv-analyzer-backend/src/cv_analyzer/services.py:69]
2025-07-17 09:03:00,729 INFO: CV Analyzer backend starting up... [in /home/wiweka/personal-portfolio/cv-analyzer-backend/src/cv_analyzer/__init__.py:39]
2025-07-17 09:03:00,787 INFO: Supabase client initialized successfully. [in /home/wiweka/personal-portfolio/cv-analyzer-backend/src/cv_analyzer/__init__.py:52]
2025-07-17 09:03:00,787 INFO: CORS configured to allow requests from http://localhost:3000 [in /home/wiweka/personal-portfolio/cv-analyzer-backend/src/cv_analyzer/__init__.py:58]
2025-07-17 09:03:00,788 INFO: API blueprint registered. [in /home/wiweka/personal-portfolio/cv-analyzer-backend/src/cv_analyzer/__init__.py:63]
2025-07-17 09:03:01,074 INFO: CV Analyzer backend starting up... [in /home/wiweka/personal-portfolio/cv-analyzer-backend/src/cv_analyzer/__init__.py:39]
2025-07-17 09:03:01,132 INFO: Supabase client initialized successfully. [in /home/wiweka/personal-portfolio/cv-analyzer-backend/src/cv_analyzer/__init__.py:52]
2025-07-17 09:03:01,132 INFO: CORS configured to allow requests from http://localhost:3000 [in /home/wiweka/personal-portfolio/cv-analyzer-backend/src/cv_analyzer/__init__.py:58]
2025-07-17 09:03:01,133 INFO: API blueprint registered. [in /home/wiweka/personal-portfolio/cv-analyzer-backend/src/cv_analyzer/__init__.py:63]
2025-07-17 09:03:03,136 INFO: Received request for /api/analyze [in /home/wiweka/personal-portfolio/cv-analyzer-backend/src/cv_analyzer/routes.py:33]
2025-07-17 09:03:03,136 INFO: Analysis request validated for keywords: ['python', 'sql'], limit: 5 [in /home/wiweka/personal-portfolio/cv-analyzer-backend/src/cv_analyzer/routes.py:45]
2025-07-17 09:03:04,100 INFO: Successfully fetched 1000 resumes for analysis. [in /home/wiweka/personal-portfolio/cv-analyzer-backend/src/cv_analyzer/services.py:37]
2025-07-17 09:03:04,126 INFO: Found 93 matches. Top score: 20 [in /home/wiweka/personal-portfolio/cv-analyzer-backend/src/cv_analyzer/services.py:69]
2025-07-17 09:05:23,587 INFO: Received request for /api/analyze [in /home/wiweka/personal-portfolio/cv-analyzer-backend/src/cv_analyzer/routes.py:33]
2025-07-17 09:05:23,589 INFO: Analysis request validated for keywords: ['python', 'sql'], limit: 5 [in /home/wiweka/personal-portfolio/cv-analyzer-backend/src/cv_analyzer/routes.py:45]
2025-07-17 09:05:26,076 INFO: Successfully fetched 2484 resumes for analysis. [in /home/wiweka/personal-portfolio/cv-analyzer-backend/src/cv_analyzer/services.py:37]
2025-07-17 09:05:26,136 INFO: Found 204 matches. Top score: 34 [in /home/wiweka/personal-portfolio/cv-analyzer-backend/src/cv_analyzer/services.py:69]
2025-07-17 09:05:59,724 INFO: CV Analyzer backend starting up... [in /home/wiweka/personal-portfolio/cv-analyzer-backend/src/cv_analyzer/__init__.py:39]
2025-07-17 09:05:59,842 INFO: Supabase client initialized successfully. [in /home/wiweka/personal-portfolio/cv-analyzer-backend/src/cv_analyzer/__init__.py:52]
2025-07-17 09:05:59,843 INFO: CORS configured to allow requests from http://localhost:3000 [in /home/wiweka/personal-portfolio/cv-analyzer-backend/src/cv_analyzer/__init__.py:58]
2025-07-17 09:05:59,843 INFO: API blueprint registered. [in /home/wiweka/personal-portfolio/cv-analyzer-backend/src/cv_analyzer/__init__.py:63]
